proguard/seeds.txt
com.google.zxing.common.HybridBinarizer
com.google.zxing.common.HybridBinarizer: int BLOCK_SIZE_POWER
com.google.zxing.common.HybridBinarizer: int BLOCK_SIZE
com.google.zxing.common.HybridBinarizer: int BLOCK_SIZE_MASK
com.google.zxing.common.HybridBinarizer: int MINIMUM_DIMENSION
com.google.zxing.common.HybridBinarizer: int MIN_DYNAMIC_RANGE
com.google.zxing.common.HybridBinarizer: com.google.zxing.common.BitMatrix matrix
com.google.zxing.common.HybridBinarizer: HybridBinarizer(com.google.zxing.LuminanceSource)
com.google.zxing.common.HybridBinarizer: com.google.zxing.common.BitMatrix getBlackMatrix()
com.google.zxing.common.HybridBinarizer: com.google.zxing.Binarizer createBinarizer(com.google.zxing.LuminanceSource)
com.google.zxing.common.HybridBinarizer: void calculateThresholdForBlock(byte[],int,int,int,int,int[][],com.google.zxing.common.BitMatrix)
com.google.zxing.common.HybridBinarizer: int cap(int,int,int)
com.google.zxing.common.HybridBinarizer: void thresholdBlock(byte[],int,int,int,int,com.google.zxing.common.BitMatrix)
com.google.zxing.common.HybridBinarizer: int[][] calculateBlackPoints(byte[],int,int,int,int)
com.google.zxing.common.PerspectiveTransform
com.google.zxing.common.PerspectiveTransform: float a11
com.google.zxing.common.PerspectiveTransform: float a12
com.google.zxing.common.PerspectiveTransform: float a13
com.google.zxing.common.PerspectiveTransform: float a21
com.google.zxing.common.PerspectiveTransform: float a22
com.google.zxing.common.PerspectiveTransform: float a23
com.google.zxing.common.PerspectiveTransform: float a31
com.google.zxing.common.PerspectiveTransform: float a32
com.google.zxing.common.PerspectiveTransform: float a33
com.google.zxing.common.PerspectiveTransform: PerspectiveTransform(float,float,float,float,float,float,float,float,float)
com.google.zxing.common.PerspectiveTransform: com.google.zxing.common.PerspectiveTransform quadrilateralToQuadrilateral(float,float,float,float,float,float,float,float,float,float,float,float,float,float,float,float)
com.google.zxing.common.PerspectiveTransform: void transformPoints(float[])
com.google.zxing.common.PerspectiveTransform: void transformPoints(float[],float[])
com.google.zxing.common.PerspectiveTransform: com.google.zxing.common.PerspectiveTransform squareToQuadrilateral(float,float,float,float,float,float,float,float)
com.google.zxing.common.PerspectiveTransform: com.google.zxing.common.PerspectiveTransform quadrilateralToSquare(float,float,float,float,float,float,float,float)
com.google.zxing.common.PerspectiveTransform: com.google.zxing.common.PerspectiveTransform buildAdjoint()
com.google.zxing.common.StringUtils
com.google.zxing.common.StringUtils: java.lang.String PLATFORM_DEFAULT_ENCODING
com.google.zxing.common.StringUtils: java.lang.String SHIFT_JIS
com.google.zxing.common.StringUtils: java.lang.String GB2312
com.google.zxing.common.StringUtils: java.lang.String EUC_JP
com.google.zxing.common.StringUtils: java.lang.String UTF8
com.google.zxing.common.StringUtils: java.lang.String ISO88591
com.google.zxing.common.StringUtils: boolean ASSUME_SHIFT_JIS
com.google.zxing.common.StringUtils: void <clinit>()
com.google.zxing.common.StringUtils: StringUtils()
com.google.zxing.common.StringUtils: java.lang.String guessEncoding(byte[],java.util.Map)
com.google.zxing.common.detector.MathUtils
com.google.zxing.common.detector.MathUtils: MathUtils()
com.google.zxing.common.detector.MathUtils: int round(float)
com.google.zxing.common.detector.MathUtils: float distance(float,float,float,float)
com.google.zxing.common.detector.MathUtils: float distance(int,int,int,int)