proguard/mapping.txt
com.google.zxing.datamatrix.detector.Detector$ResultPointsAndTransitionsComparator -> com.google.zxing.datamatrix.detector.Detector$ResultPointsAndTransitionsComparator:
    int compare(com.google.zxing.datamatrix.detector.Detector$ResultPointsAndTransitions,com.google.zxing.datamatrix.detector.Detector$ResultPointsAndTransitions) -> compare
    int compare(java.lang.Object,java.lang.Object) -> compare
com.google.zxing.datamatrix.encoder.ASCIIEncoder -> com.google.zxing.datamatrix.encoder.ASCIIEncoder:
    int getEncodingMode() -> getEncodingMode
    void encode(com.google.zxing.datamatrix.encoder.EncoderContext) -> encode
    char encodeASCIIDigits(char,char) -> encodeASCIIDigits
com.google.zxing.datamatrix.encoder.Base256Encoder -> com.google.zxing.datamatrix.encoder.Base256Encoder:
    int getEncodingMode() -> getEncodingMode
    void encode(com.google.zxing.datamatrix.encoder.EncoderContext) -> encode
    char randomize255State(char,int) -> randomize255State
com.google.zxing.datamatrix.encoder.C40Encoder -> com.google.zxing.datamatrix.encoder.C40Encoder:
    int getEncodingMode() -> getEncodingMode
    void encode(com.google.zxing.datamatrix.encoder.EncoderContext) -> encode
    int backtrackOneCharacter(com.google.zxing.datamatrix.encoder.EncoderContext,java.lang.StringBuilder,java.lang.StringBuilder,int) -> backtrackOneCharacter
    void writeNextTriplet(com.google.zxing.datamatrix.encoder.EncoderContext,java.lang.StringBuilder) -> writeNextTriplet
    void handleEOD(com.google.zxing.datamatrix.encoder.EncoderContext,java.lang.StringBuilder) -> handleEOD
    int encodeChar(char,java.lang.StringBuilder) -> encodeChar
    java.lang.String encodeToCodewords(java.lang.CharSequence,int) -> encodeToCodewords
com.google.zxing.datamatrix.encoder.DataMatrixSymbolInfo144 -> com.google.zxing.datamatrix.encoder.DataMatrixSymbolInfo144:
    int getInterleavedBlockCount() -> getInterleavedBlockCount
    int getDataLengthForInterleavedBlock(int) -> getDataLengthForInterleavedBlock
com.google.zxing.datamatrix.encoder.DefaultPlacement -> com.google.zxing.datamatrix.encoder.DefaultPlacement:
    java.lang.String codewords -> codewords
    int numrows -> numrows
    int numcols -> numcols
    byte[] bits -> bits
    int getNumrows() -> getNumrows
    int getNumcols() -> getNumcols
    byte[] getBits() -> getBits
    boolean getBit(int,int) -> getBit
    void setBit(int,int,boolean) -> setBit
    boolean hasBit(int,int) -> hasBit
    void place() -> place
    void module(int,int,int,int) -> module
    void utah(int,int,int) -> utah
    void corner1(int) -> corner1
    void corner2(int) -> corner2
    void corner3(int) -> corner3
    void corner4(int) -> corner4
com.google.zxing.datamatrix.encoder.EdifactEncoder -> com.google.zxing.datamatrix.encoder.EdifactEncoder:
    int getEncodingMode() -> getEncodingMode
    void encode(com.google.zxing.datamatrix.encoder.EncoderContext) -> encode
    void handleEOD(com.google.zxing.datamatrix.encoder.EncoderContext,java.lang.CharSequence) -> handleEOD
    void encodeChar(char,java.lang.StringBuilder) -> encodeChar
    java.lang.String encodeToCodewords(java.lang.CharSequence,int) -> encodeToCodewords
com.google.zxing.datamatrix.encoder.Encoder -> com.google.zxing.datamatrix.encoder.Encoder:
    int getEncodingMode() -> getEncodingMode
    void encode(com.google.zxing.datamatrix.encoder.EncoderContext) -> encode